#
# There is insufficient memory for the Java Runtime Environment to continue.
# Native memory allocation (malloc) failed to allocate 542816 bytes for Chunk::new
# Possible reasons:
#   The system is out of physical RAM or swap space
#   The process is running with CompressedOops enabled, and the Java Heap may be blocking the growth of the native heap
# Possible solutions:
#   Reduce memory load on the system
#   Increase physical memory or swap space
#   Check if swap backing store is full
#   Decrease Java heap size (-Xmx/-Xms)
#   Decrease number of Java threads
#   Decrease Java thread stack sizes (-Xss)
#   Set larger code cache with -XX:ReservedCodeCacheSize=
#   JVM is running with Unscaled Compressed Oops mode in which the Java heap is
#     placed in the first 4GB address space. The Java Heap base address is the
#     maximum limit for the native heap growth. Please use -XX:HeapBaseMinAddress
#     to set the Java Heap base and to place the Java Heap above 4GB virtual address.
# This output file may be truncated or incomplete.
#
#  Out of Memory Error (allocation.cpp:389), pid=18740, tid=0x00000000000017e0
#
# JRE version: OpenJDK Runtime Environment (8.0_242-b01) (build 1.8.0_242-release-1644-b01)
# Java VM: OpenJDK 64-Bit Server VM (25.242-b01 mixed mode windows-amd64 compressed oops)
# Failed to write core dump. Minidumps are not enabled by default on client versions of Windows
#

---------------  T H R E A D  ---------------

Current thread (0x0000000017887800):  JavaThread "C2 CompilerThread0" daemon [_thread_in_native, id=6112, stack(0x0000000018ed0000,0x0000000018fd0000)]

Stack: [0x0000000018ed0000,0x0000000018fd0000]
[error occurred during error reporting (printing stack bounds), id 0xc0000005]

Native frames: (J=compiled Java code, j=interpreted, Vv=VM code, C=native code)


Current CompileTask:
C2: 787446 24966       4       com.sun.tools.javac.jvm.ClassReader::includeClassFile (294 bytes)


---------------  P R O C E S S  ---------------

Java Threads: ( => current thread )
  0x000000001b98f800 JavaThread "Cache worker for Java compile cache (C:\Users\valuedcustomer\AndroidStudioProjects\CS5520_Mindfull\.gradle\6.5\javaCompile)" [_thread_blocked, id=18984, stack(0x0000000034180000,0x0000000034280000)]
  0x000000001b98c800 JavaThread "stdout" [_thread_in_native, id=18752, stack(0x0000000034080000,0x0000000034180000)]
  0x000000001b98e000 JavaThread "stderr" [_thread_in_native, id=16136, stack(0x0000000033f80000,0x0000000034080000)]
  0x000000001b98a800 JavaThread "pool-6-thread-1" [_thread_blocked, id=12636, stack(0x0000000033e80000,0x0000000033f80000)]
  0x000000001b98f000 JavaThread "WorkerExecutor Queue Thread 2" [_thread_blocked, id=2504, stack(0x0000000033d80000,0x0000000033e80000)]
  0x0000000026c65800 JavaThread "WorkerExecutor Queue" [_thread_blocked, id=20332, stack(0x0000000033c80000,0x0000000033d80000)]
  0x0000000026c62800 JavaThread "Cache worker for execution history cache (C:\Users\valuedcustomer\AndroidStudioProjects\CS5520_Mindfull\.gradle\6.5\executionHistory)" [_thread_blocked, id=5260, stack(0x0000000033b80000,0x0000000033c80000)]
  0x0000000026c64000 JavaThread "Execution worker for ':' Thread 3" [_thread_blocked, id=20888, stack(0x0000000033a80000,0x0000000033b80000)]
  0x0000000026c62000 JavaThread "Execution worker for ':' Thread 2" [_thread_in_vm, id=17152, stack(0x0000000033980000,0x0000000033a80000)]
  0x0000000026c61000 JavaThread "Execution worker for ':'" [_thread_blocked, id=5360, stack(0x0000000033880000,0x0000000033980000)]
  0x0000000026c68000 JavaThread "Cache worker for file content cache (C:\Users\valuedcustomer\AndroidStudioProjects\CS5520_Mindfull\.gradle\6.5\fileContent)" [_thread_blocked, id=18396, stack(0x0000000033780000,0x0000000033880000)]
  0x0000000026c66800 JavaThread "Cache worker for Build Output Cleanup Cache (C:\Users\valuedcustomer\AndroidStudioProjects\CS5520_Mindfull\.gradle\buildOutputCleanup)" [_thread_blocked, id=9796, stack(0x00000000333a0000,0x00000000334a0000)]
  0x0000000026c67000 JavaThread "jar transforms Thread 282" [_thread_blocked, id=18668, stack(0x00000000332a0000,0x00000000333a0000)]
  0x0000000026c59800 JavaThread "jar transforms Thread 281" [_thread_blocked, id=6516, stack(0x00000000331a0000,0x00000000332a0000)]
  0x0000000026c5f000 JavaThread "jar transforms Thread 280" [_thread_blocked, id=16188, stack(0x00000000330a0000,0x00000000331a0000)]
  0x0000000026c60800 JavaThread "jar transforms Thread 279" [_thread_blocked, id=20164, stack(0x0000000032fa0000,0x00000000330a0000)]
  0x0000000026c5f800 JavaThread "jar transforms Thread 278" [_thread_blocked, id=21232, stack(0x0000000032ea0000,0x0000000032fa0000)]
  0x0000000026c5b000 JavaThread "jar transforms Thread 277" [_thread_blocked, id=17428, stack(0x0000000032da0000,0x0000000032ea0000)]
  0x0000000026c5a800 JavaThread "jar transforms Thread 276" [_thread_blocked, id=420, stack(0x0000000032ca0000,0x0000000032da0000)]
  0x0000000026c5e000 JavaThread "jar transforms Thread 275" [_thread_blocked, id=14784, stack(0x0000000032ba0000,0x0000000032ca0000)]
  0x0000000026c5d800 JavaThread "jar transforms Thread 274" [_thread_blocked, id=11480, stack(0x0000000032aa0000,0x0000000032ba0000)]
  0x0000000026c5c000 JavaThread "jar transforms Thread 273" [_thread_blocked, id=9692, stack(0x00000000329a0000,0x0000000032aa0000)]
  0x0000000026c59000 JavaThread "jar transforms Thread 272" [_thread_blocked, id=17720, stack(0x00000000328a0000,0x00000000329a0000)]
  0x0000000026c5c800 JavaThread "jar transforms Thread 271" [_thread_blocked, id=18732, stack(0x00000000327a0000,0x00000000328a0000)]
  0x0000000024be2800 JavaThread "jar transforms Thread 270" [_thread_blocked, id=7336, stack(0x00000000326a0000,0x00000000327a0000)]
  0x0000000024be2000 JavaThread "jar transforms Thread 269" [_thread_blocked, id=12584, stack(0x00000000325a0000,0x00000000326a0000)]
  0x0000000024be1000 JavaThread "jar transforms Thread 268" [_thread_blocked, id=12068, stack(0x00000000324a0000,0x00000000325a0000)]
  0x0000000024be0800 JavaThread "jar transforms Thread 267" [_thread_blocked, id=14604, stack(0x00000000323a0000,0x00000000324a0000)]
  0x0000000024bdf800 JavaThread "jar transforms Thread 266" [_thread_blocked, id=10724, stack(0x00000000322a0000,0x00000000323a0000)]
  0x0000000024bde000 JavaThread "jar transforms Thread 265" [_thread_blocked, id=18640, stack(0x00000000321a0000,0x00000000322a0000)]
  0x0000000024bdc800 JavaThread "jar transforms Thread 264" [_thread_blocked, id=2972, stack(0x00000000320a0000,0x00000000321a0000)]
  0x0000000024bd9000 JavaThread "jar transforms Thread 263" [_thread_blocked, id=19880, stack(0x0000000031fa0000,0x00000000320a0000)]
  0x0000000024bdf000 JavaThread "jar transforms Thread 262" [_thread_blocked, id=20640, stack(0x0000000031ea0000,0x0000000031fa0000)]
  0x0000000024bdc000 JavaThread "jar transforms Thread 261" [_thread_blocked, id=15892, stack(0x0000000031da0000,0x0000000031ea0000)]
  0x0000000024bdd800 JavaThread "jar transforms Thread 260" [_thread_blocked, id=10808, stack(0x0000000031ca0000,0x0000000031da0000)]
  0x0000000024bd9800 JavaThread "jar transforms Thread 259" [_thread_blocked, id=14840, stack(0x0000000031ba0000,0x0000000031ca0000)]
  0x0000000024bd4800 JavaThread "jar transforms Thread 258" [_thread_blocked, id=2180, stack(0x0000000031aa0000,0x0000000031ba0000)]
  0x0000000024bd6800 JavaThread "jar transforms Thread 257" [_thread_blocked, id=14712, stack(0x00000000319a0000,0x0000000031aa0000)]
  0x0000000024bd8000 JavaThread "jar transforms Thread 256" [_thread_blocked, id=20036, stack(0x00000000318a0000,0x00000000319a0000)]
  0x0000000024bd5000 JavaThread "jar transforms Thread 255" [_thread_blocked, id=17476, stack(0x00000000317a0000,0x00000000318a0000)]
  0x0000000024bd7800 JavaThread "jar transforms Thread 254" [_thread_blocked, id=6696, stack(0x00000000316a0000,0x00000000317a0000)]
  0x0000000024bda800 JavaThread "jar transforms Thread 253" [_thread_blocked, id=1096, stack(0x00000000315a0000,0x00000000316a0000)]
  0x0000000024bdb000 JavaThread "jar transforms Thread 252" [_thread_blocked, id=16896, stack(0x00000000314a0000,0x00000000315a0000)]
  0x0000000024bd6000 JavaThread "jar transforms Thread 251" [_thread_blocked, id=2348, stack(0x00000000313a0000,0x00000000314a0000)]
  0x0000000024bd3800 JavaThread "jar transforms Thread 250" [_thread_blocked, id=9976, stack(0x00000000312a0000,0x00000000313a0000)]
  0x000000001eda0000 JavaThread "jar transforms Thread 249" [_thread_blocked, id=19916, stack(0x00000000311a0000,0x00000000312a0000)]
  0x000000001ed9b800 JavaThread "jar transforms Thread 248" [_thread_blocked, id=8220, stack(0x00000000310a0000,0x00000000311a0000)]
  0x000000001ed9d800 JavaThread "jar transforms Thread 247" [_thread_blocked, id=14048, stack(0x0000000030fa0000,0x00000000310a0000)]
  0x000000001ed9f000 JavaThread "jar transforms Thread 246" [_thread_blocked, id=4748, stack(0x0000000030ea0000,0x0000000030fa0000)]
  0x000000001ed9d000 JavaThread "jar transforms Thread 245" [_thread_blocked, id=20260, stack(0x0000000030da0000,0x0000000030ea0000)]
  0x000000001eda0800 JavaThread "jar transforms Thread 244" [_thread_blocked, id=1104, stack(0x0000000030ca0000,0x0000000030da0000)]
  0x000000001ed9c000 JavaThread "jar transforms Thread 243" [_thread_blocked, id=9532, stack(0x0000000030ba0000,0x0000000030ca0000)]
  0x000000001ed9e800 JavaThread "jar transforms Thread 242" [_thread_blocked, id=15976, stack(0x0000000030aa0000,0x0000000030ba0000)]
  0x000000001ed94000 JavaThread "jar transforms Thread 241" [_thread_blocked, id=16412, stack(0x00000000309a0000,0x0000000030aa0000)]
  0x000000001ed9a800 JavaThread "jar transforms Thread 240" [_thread_blocked, id=10612, stack(0x00000000308a0000,0x00000000309a0000)]
  0x000000001ed9a000 JavaThread "jar transforms Thread 239" [_thread_blocked, id=20780, stack(0x00000000307a0000,0x00000000308a0000)]
  0x000000001ed92800 JavaThread "jar transforms Thread 238" [_thread_blocked, id=20980, stack(0x00000000306a0000,0x00000000307a0000)]
  0x000000001ed95800 JavaThread "jar transforms Thread 237" [_thread_blocked, id=1624, stack(0x00000000305a0000,0x00000000306a0000)]
  0x000000001ed97000 JavaThread "jar transforms Thread 236" [_thread_blocked, id=9588, stack(0x00000000304a0000,0x00000000305a0000)]
  0x000000001ed97800 JavaThread "jar transforms Thread 235" [_thread_blocked, id=7060, stack(0x00000000303a0000,0x00000000304a0000)]
  0x000000001ed99000 JavaThread "jar transforms Thread 234" [_thread_blocked, id=13272, stack(0x00000000302a0000,0x00000000303a0000)]
  0x000000001ed96000 JavaThread "jar transforms Thread 233" [_thread_blocked, id=15832, stack(0x00000000301a0000,0x00000000302a0000)]
  0x000000001ed94800 JavaThread "jar transforms Thread 232" [_thread_blocked, id=16984, stack(0x00000000300a0000,0x00000000301a0000)]
  0x000000001ed98800 JavaThread "jar transforms Thread 231" [_thread_blocked, id=19196, stack(0x000000002ffa0000,0x00000000300a0000)]
  0x000000001ed93000 JavaThread "jar transforms Thread 230" [_thread_blocked, id=4824, stack(0x000000002fea0000,0x000000002ffa0000)]
  0x000000001ed91800 JavaThread "jar transforms Thread 229" [_thread_blocked, id=11724, stack(0x000000002fda0000,0x000000002fea0000)]
  0x0000000019e45000 JavaThread "jar transforms Thread 228" [_thread_blocked, id=4888, stack(0x000000002fca0000,0x000000002fda0000)]
  0x0000000019e43800 JavaThread "jar transforms Thread 227" [_thread_blocked, id=20580, stack(0x000000002fba0000,0x000000002fca0000)]
  0x0000000019e42800 JavaThread "jar transforms Thread 226" [_thread_blocked, id=6928, stack(0x000000002faa0000,0x000000002fba0000)]
  0x0000000019e41000 JavaThread "jar transforms Thread 225" [_thread_blocked, id=11656, stack(0x000000002f9a0000,0x000000002faa0000)]
  0x0000000019e3f800 JavaThread "jar transforms Thread 224" [_thread_blocked, id=4032, stack(0x000000002f8a0000,0x000000002f9a0000)]
  0x000000001c073000 JavaThread "jar transforms Thread 223" [_thread_blocked, id=3868, stack(0x000000002f7a0000,0x000000002f8a0000)]
  0x000000001c06b800 JavaThread "jar transforms Thread 222" [_thread_blocked, id=16988, stack(0x000000002f6a0000,0x000000002f7a0000)]
  0x000000001c072800 JavaThread "jar transforms Thread 221" [_thread_blocked, id=19912, stack(0x000000002f5a0000,0x000000002f6a0000)]
  0x000000001c06c800 JavaThread "jar transforms Thread 220" [_thread_blocked, id=12448, stack(0x000000002f4a0000,0x000000002f5a0000)]
  0x000000001c06a000 JavaThread "jar transforms Thread 219" [_thread_blocked, id=14560, stack(0x000000002f3a0000,0x000000002f4a0000)]
  0x000000001c06f800 JavaThread "jar transforms Thread 218" [_thread_blocked, id=11440, stack(0x000000002f2a0000,0x000000002f3a0000)]
  0x000000001c068000 JavaThread "jar transforms Thread 217" [_thread_blocked, id=1676, stack(0x000000002f1a0000,0x000000002f2a0000)]
  0x000000001e6fb800 JavaThread "jar transforms Thread 216" [_thread_blocked, id=5052, stack(0x000000002f0a0000,0x000000002f1a0000)]
  0x000000001e6fb000 JavaThread "jar transforms Thread 215" [_thread_blocked, id=11908, stack(0x000000002efa0000,0x000000002f0a0000)]
  0x000000001e6f5800 JavaThread "jar transforms Thread 214" [_thread_blocked, id=2920, stack(0x000000002eea0000,0x000000002efa0000)]
  0x000000001e6fa000 JavaThread "jar transforms Thread 213" [_thread_blocked, id=19776, stack(0x000000002eda0000,0x000000002eea0000)]
  0x000000001e6f8800 JavaThread "jar transforms Thread 212" [_thread_blocked, id=11344, stack(0x000000002eca0000,0x000000002eda0000)]
  0x000000001e6ee000 JavaThread "jar transforms Thread 211" [_thread_blocked, id=21028, stack(0x000000002b830000,0x000000002b930000)]
  0x000000001e6f3800 JavaThread "jar transforms Thread 210" [_thread_blocked, id=18440, stack(0x000000002b2e0000,0x000000002b3e0000)]
  0x000000001e6f2800 JavaThread "jar transforms Thread 209" [_thread_blocked, id=8040, stack(0x000000002b1e0000,0x000000002b2e0000)]
  0x000000001e6f0000 JavaThread "jar transforms Thread 208" [_thread_blocked, id=3612, stack(0x000000002b0e0000,0x000000002b1e0000)]
  0x000000001e6ed000 JavaThread "jar transforms Thread 207" [_thread_blocked, id=9380, stack(0x000000002a010000,0x000000002a110000)]
  0x000000001e6d7000 JavaThread "jar transforms Thread 206" [_thread_blocked, id=5480, stack(0x0000000029de0000,0x0000000029ee0000)]
  0x000000001e6db800 JavaThread "jar transforms Thread 205" [_thread_blocked, id=15332, stack(0x0000000028ae0000,0x0000000028be0000)]
  0x000000001e6da000 JavaThread "jar transforms Thread 204" [_thread_blocked, id=19300, stack(0x0000000028510000,0x0000000028610000)]
  0x000000001e6d9800 JavaThread "jar transforms Thread 203" [_thread_blocked, id=21420, stack(0x0000000028410000,0x0000000028510000)]
  0x000000001e6d8000 JavaThread "jar transforms Thread 202" [_thread_blocked, id=5176, stack(0x0000000027b10000,0x0000000027c10000)]
  0x000000001e6d6800 JavaThread "jar transforms Thread 201" [_thread_blocked, id=11676, stack(0x00000000255f0000,0x00000000256f0000)]
  0x000000001e6ce800 JavaThread "jar transforms Thread 200" [_thread_blocked, id=2324, stack(0x0000000023b00000,0x0000000023c00000)]
  0x000000001e6d5000 JavaThread "jar transforms Thread 199" [_thread_blocked, id=8264, stack(0x0000000023800000,0x0000000023900000)]
  0x000000001e6d2800 JavaThread "jar transforms Thread 198" [_thread_blocked, id=12528, stack(0x0000000023700000,0x0000000023800000)]
  0x000000001e6cd000 JavaThread "jar transforms Thread 197" [_thread_blocked, id=6496, stack(0x0000000023600000,0x0000000023700000)]
  0x000000001e6d0000 JavaThread "jar transforms Thread 196" [_thread_blocked, id=17084, stack(0x0000000023500000,0x0000000023600000)]
  0x000000001e6d4000 JavaThread "jar transforms Thread 195" [_thread_blocked, id=14520, stack(0x0000000023400000,0x0000000023500000)]
  0x000000001e6cf800 JavaThread "jar transforms Thread 194" [_thread_blocked, id=15856, stack(0x0000000023300000,0x0000000023400000)]
  0x000000001dfaa000 JavaThread "jar transforms Thread 193" [_thread_blocked, id=19288, stack(0x0000000022fe0000,0x00000000230e0000)]
  0x000000001dfa8800 JavaThread "jar transforms Thread 192" [_thread_blocked, id=13100, stack(0x0000000022ee0000,0x0000000022fe0000)]
  0x000000001dfa8000 JavaThread "jar transforms Thread 191" [_thread_blocked, id=20568, stack(0x0000000022de0000,0x0000000022ee0000)]
  0x000000001dfa7000 JavaThread "jar transforms Thread 190" [_thread_blocked, id=17284, stack(0x0000000022ae0000,0x0000000022be0000)]
  0x000000001dfae000 JavaThread "jar transforms Thread 189" [_thread_blocked, id=5952, stack(0x00000000229e0000,0x0000000022ae0000)]
  0x000000001dfab800 JavaThread "Build operations Thread 4" [_thread_blocked, id=4484, stack(0x00000000228e0000,0x00000000229e0000)]
  0x000000001dfab000 JavaThread "Build operations Thread 3" [_thread_blocked, id=15160, stack(0x00000000227e0000,0x00000000228e0000)]
  0x000000001dfac800 JavaThread "Build operations Thread 2" [_thread_blocked, id=15032, stack(0x0000000021300000,0x0000000021400000)]
  0x000000001dfa6800 JavaThread "Build operations" [_thread_blocked, id=18132, stack(0x00000000200f0000,0x00000000201f0000)]
  0x000000001dfad000 JavaThread "Cache worker for cache directory md-rule (C:\Users\valuedcustomer\.gradle\caches\6.5\md-rule)" [_thread_blocked, id=1000, stack(0x000000001fff0000,0x00000000200f0000)]
  0x000000001dfa2800 JavaThread "Cache worker for cache directory md-supplier (C:\Users\valuedcustomer\.gradle\caches\6.5\md-supplier)" [_thread_blocked, id=72, stack(0x000000001fef0000,0x000000001fff0000)]
  0x000000001dfa5800 JavaThread "Cache worker for checksums cache (C:\Users\valuedcustomer\AndroidStudioProjects\CS5520_Mindfull\.gradle\checksums)" [_thread_blocked, id=3532, stack(0x000000001fbf0000,0x000000001fcf0000)]
  0x000000001df9e800 JavaThread "Cache worker for file hash cache (C:\Users\valuedcustomer\AndroidStudioProjects\CS5520_Mindfull\.gradle\6.5\fileHashes)" [_thread_blocked, id=13536, stack(0x000000001d350000,0x000000001d450000)]
  0x000000001df9f800 JavaThread "Thread-251" [_thread_blocked, id=7704, stack(0x000000001d250000,0x000000001d350000)]
  0x000000001dfa5000 JavaThread "Stdin handler" [_thread_blocked, id=3696, stack(0x000000001d150000,0x000000001d250000)]
  0x000000001dfa1800 JavaThread "Asynchronous log dispatcher for DefaultDaemonConnection: socket connection from /127.0.0.1:62436 to /127.0.0.1:62777" [_thread_blocked, id=14572, stack(0x000000001d050000,0x000000001d150000)]
  0x000000001dfa3800 JavaThread "Daemon worker Thread 3" [_thread_blocked, id=2240, stack(0x000000001cf50000,0x000000001d050000)]
  0x000000001dfa4000 JavaThread "Cancel handler" [_thread_blocked, id=14000, stack(0x000000001ce50000,0x000000001cf50000)]
  0x000000001dfa1000 JavaThread "Handler for socket connection from /127.0.0.1:62436 to /127.0.0.1:62777" [_thread_in_native, id=17512, stack(0x000000001cd50000,0x000000001ce50000)]
  0x000000001dfa0000 JavaThread "Daemon Thread 3" [_thread_blocked, id=20880, stack(0x0000000000d80000,0x0000000000e80000)]
  0x000000001c074800 JavaThread "Cache worker for Java compile cache (C:\Users\valuedcustomer\.gradle\caches\6.5\javaCompile)" [_thread_blocked, id=21004, stack(0x0000000024520000,0x0000000024620000)]
  0x000000001e6ef800 JavaThread "Memory manager" [_thread_blocked, id=17032, stack(0x0000000029f10000,0x000000002a010000)]
  0x0000000019e3e000 JavaThread "Cache worker for file content cache (C:\Users\valuedcustomer\.gradle\caches\6.5\fileContent)" [_thread_blocked, id=18544, stack(0x0000000021ce0000,0x0000000021de0000)]
  0x0000000019e44000 JavaThread "Cache worker for execution history cache (C:\Users\valuedcustomer\.gradle\caches\6.5\executionHistory)" [_thread_blocked, id=11424, stack(0x00000000201f0000,0x00000000202f0000)]
  0x0000000019e3f000 JavaThread "Cache worker for file hash cache (C:\Users\valuedcustomer\.gradle\caches\6.5\fileHashes)" [_thread_blocked, id=720, stack(0x000000001f8f0000,0x000000001f9f0000)]
  0x0000000019e40800 JavaThread "File lock request listener" [_thread_in_native, id=5508, stack(0x000000001d850000,0x000000001d950000)]
  0x0000000019e42000 JavaThread "Cache worker for journal cache (C:\Users\valuedcustomer\.gradle\caches\journal-1)" [_thread_blocked, id=18512, stack(0x000000001d650000,0x000000001d750000)]
  0x0000000019484800 JavaThread "Daemon periodic checks" [_thread_blocked, id=21196, stack(0x000000001ca50000,0x000000001cb50000)]
  0x000000001acd3800 JavaThread "Incoming local TCP Connector on port 62436" [_thread_in_native, id=7116, stack(0x000000001c810000,0x000000001c910000)]
  0x000000001b387800 JavaThread "Daemon health stats" [_thread_blocked, id=20400, stack(0x000000001c1d0000,0x000000001c2d0000)]
  0x0000000019200800 JavaThread "Service Thread" daemon [_thread_blocked, id=21256, stack(0x00000000195d0000,0x00000000196d0000)]
  0x0000000017894800 JavaThread "C1 CompilerThread2" daemon [_thread_blocked, id=15736, stack(0x00000000190d0000,0x00000000191d0000)]
  0x000000001788b800 JavaThread "C2 CompilerThread1" daemon [_thread_in_native, id=20680, stack(0x0000000018fd0000,0x00000000190d0000)]
=>0x0000000017887800 JavaThread "C2 CompilerThread0" daemon [_thread_in_native, id=6112, stack(0x0000000018ed0000,0x0000000018fd0000)]
  0x0000000017884000 JavaThread "Attach Listener" daemon [_thread_blocked, id=10348, stack(0x0000000018dd0000,0x0000000018ed0000)]
  0x0000000017883000 JavaThread "Signal Dispatcher" daemon [_thread_blocked, id=1472, stack(0x0000000018cd0000,0x0000000018dd0000)]
  0x0000000002c5d000 JavaThread "Finalizer" daemon [_thread_blocked, id=8028, stack(0x0000000018ad0000,0x0000000018bd0000)]
  0x0000000017868800 JavaThread "Reference Handler" daemon [_thread_blocked, id=1964, stack(0x00000000189d0000,0x0000000018ad0000)]
  0x0000000002b62800 JavaThread "main" [_thread_in_native, id=18840, stack(0x0000000002a60000,0x0000000002b60000)]

Other Threads:
  0x0000000017845800 VMThread [stack: 0x00000000188d0000,0x00000000189d0000] [id=2676]
  0x0000000019201000 WatcherThread [stack: 0x00000000196d0000,0x00000000197d0000] [id=16356]

VM state:not at safepoint (normal execution)

VM Mutex/Monitor currently owned by a thread:  ([mutex/lock_event])
[0x0000000002b607d0] CompiledIC_lock - owner thread: 0x0000000026c62000

heap address: 0x0000000080000000, size: 2048 MB, Compressed Oops mode: 32-bit
Narrow klass base: 0x0000000000000000, Narrow klass shift: 3
Compressed class space size: 1073741824 Address: 0x0000000100000000

Heap:
 PSYoungGen      total 467968K, used 129770K [0x00000000d5580000, 0x00000000f5980000, 0x0000000100000000)
  eden space 414720K, 28% used [0x00000000d5580000,0x00000000dc81c510,0x00000000eea80000)
  from space 53248K, 23% used [0x00000000f2580000,0x00000000f319e3b0,0x00000000f5980000)
  to   space 56832K, 0% used [0x00000000eea80000,0x00000000eea80000,0x00000000f2200000)
 ParOldGen       total 249344K, used 89415K [0x0000000080000000, 0x000000008f380000, 0x00000000d5580000)
  object space 249344K, 35% used [0x0000000080000000,0x0000000085751c90,0x000000008f380000)
 Metaspace       used 106142K, capacity 111328K, committed 111512K, reserved 1146880K
  class space    used 13425K, capacity 14386K, committed 14512K, reserved 1048576K

Card table byte_map: [0x0000000012020000,0x0000000012430000] byte_map_base: 0x0000000011c20000

Marking Bits: (ParMarkBitMap*) 0x0000000067e1f030
 Begin Bits: [0x0000000012ae0000, 0x0000000014ae0000)
 End Bits:   [0x0000000014ae0000, 0x0000000016ae0000)

Polling page: 0x0000000000c20000

CodeCache: size=245760Kb used=70431Kb max_used=70436Kb free=175328Kb
 bounds [0x0000000002c60000, 0x0000000007180000, 0x0000000011c60000]
 total_blobs=20209 nmethods=19263 adapters=855
 compilation: enabled

Compilation events (10 events):
Event: 787.358 Thread 0x0000000017894800 nmethod 24973 0x00000000071713d0 code [0x0000000007171540, 0x0000000007171768]
Event: 787.359 Thread 0x000000001788b800 24974       4       com.sun.tools.javac.code.Attribute::<init> (10 bytes)
Event: 787.360 Thread 0x000000001788b800 nmethod 24974 0x00000000054d5850 code [0x00000000054d5980, 0x00000000054d59f8]
Event: 787.373 Thread 0x000000001788b800 24975       4       com.sun.tools.javac.tree.JCTree$JCVariableDecl::accept (6 bytes)
Event: 787.373 Thread 0x0000000017894800 24976       3       com.sun.tools.javac.code.Type$ClassType::isErroneous (53 bytes)
Event: 787.374 Thread 0x000000001788b800 nmethod 24975 0x000000000632a590 code [0x000000000632a6c0, 0x000000000632a738]
Event: 787.374 Thread 0x0000000017894800 nmethod 24976 0x000000000717ebd0 code [0x000000000717edc0, 0x000000000717f818]
Event: 787.376 Thread 0x000000001788b800 24977       4       com.sun.tools.javac.jvm.ClassReader::enterClass (126 bytes)
Event: 787.380 Thread 0x0000000017894800 24978       3       com.sun.tools.javac.code.Symbol$ClassSymbol::getInterfaces (60 bytes)
Event: 787.381 Thread 0x0000000017894800 nmethod 24978 0x0000000007167850 code [0x0000000007167a00, 0x0000000007167f58]

GC Heap History (10 events):
Event: 193.961 GC heap before
{Heap before GC invocations=31 (full 4):
 PSYoungGen      total 326656K, used 317356K [0x00000000d5580000, 0x00000000eb900000, 0x0000000100000000)
  eden space 293376K, 100% used [0x00000000d5580000,0x00000000e7400000,0x00000000e7400000)
  from space 33280K, 72% used [0x00000000e9700000,0x00000000eae6b1a0,0x00000000eb780000)
  to   space 35328K, 0% used [0x00000000e7400000,0x00000000e7400000,0x00000000e9680000)
 ParOldGen       total 207360K, used 85626K [0x0000000080000000, 0x000000008ca80000, 0x00000000d5580000)
  object space 207360K, 41% used [0x0000000080000000,0x000000008539eb08,0x000000008ca80000)
 Metaspace       used 93043K, capacity 97738K, committed 97816K, reserved 1134592K
  class space    used 12178K, capacity 13056K, committed 13104K, reserved 1048576K
Event: 196.524 GC heap after
Heap after GC invocations=31 (full 4):
 PSYoungGen      total 328704K, used 35296K [0x00000000d5580000, 0x00000000f2e00000, 0x0000000100000000)
  eden space 293376K, 0% used [0x00000000d5580000,0x00000000d5580000,0x00000000e7400000)
  from space 35328K, 99% used [0x00000000e7400000,0x00000000e96782d0,0x00000000e9680000)
  to   space 63488K, 0% used [0x00000000ef000000,0x00000000ef000000,0x00000000f2e00000)
 ParOldGen       total 207360K, used 146388K [0x0000000080000000, 0x000000008ca80000, 0x00000000d5580000)
  object space 207360K, 70% used [0x0000000080000000,0x0000000088ef53b0,0x000000008ca80000)
 Metaspace       used 93043K, capacity 97738K, committed 97816K, reserved 1134592K
  class space    used 12178K, capacity 13056K, committed 13104K, reserved 1048576K
}
Event: 238.796 GC heap before
{Heap before GC invocations=32 (full 4):
 PSYoungGen      total 328704K, used 328672K [0x00000000d5580000, 0x00000000f2e00000, 0x0000000100000000)
  eden space 293376K, 100% used [0x00000000d5580000,0x00000000e7400000,0x00000000e7400000)
  from space 35328K, 99% used [0x00000000e7400000,0x00000000e96782d0,0x00000000e9680000)
  to   space 63488K, 0% used [0x00000000ef000000,0x00000000ef000000,0x00000000f2e00000)
 ParOldGen       total 207360K, used 146388K [0x0000000080000000, 0x000000008ca80000, 0x00000000d5580000)
  object space 207360K, 70% used [0x0000000080000000,0x0000000088ef53b0,0x000000008ca80000)
 Metaspace       used 94729K, capacity 99490K, committed 99864K, reserved 1136640K
  class space    used 12355K, capacity 13240K, committed 13360K, reserved 1048576K
Event: 239.185 GC heap after
Heap after GC invocations=32 (full 4):
 PSYoungGen      total 409088K, used 30201K [0x00000000d5580000, 0x00000000f2780000, 0x0000000100000000)
  eden space 352256K, 0% used [0x00000000d5580000,0x00000000d5580000,0x00000000ead80000)
  from space 56832K, 53% used [0x00000000ef000000,0x00000000f0d7e540,0x00000000f2780000)
  to   space 62464K, 0% used [0x00000000ead80000,0x00000000ead80000,0x00000000eea80000)
 ParOldGen       total 207360K, used 150054K [0x0000000080000000, 0x000000008ca80000, 0x00000000d5580000)
  object space 207360K, 72% used [0x0000000080000000,0x0000000089289840,0x000000008ca80000)
 Metaspace       used 94729K, capacity 99490K, committed 99864K, reserved 1136640K
  class space    used 12355K, capacity 13240K, committed 13360K, reserved 1048576K
}
Event: 602.425 GC heap before
{Heap before GC invocations=33 (full 4):
 PSYoungGen      total 409088K, used 382457K [0x00000000d5580000, 0x00000000f2780000, 0x0000000100000000)
  eden space 352256K, 100% used [0x00000000d5580000,0x00000000ead80000,0x00000000ead80000)
  from space 56832K, 53% used [0x00000000ef000000,0x00000000f0d7e540,0x00000000f2780000)
  to   space 62464K, 0% used [0x00000000ead80000,0x00000000ead80000,0x00000000eea80000)
 ParOldGen       total 207360K, used 150054K [0x0000000080000000, 0x000000008ca80000, 0x00000000d5580000)
  object space 207360K, 72% used [0x0000000080000000,0x0000000089289840,0x000000008ca80000)
 Metaspace       used 105325K, capacity 110358K, committed 110616K, reserved 1144832K
  class space    used 13409K, capacity 14335K, committed 14384K, reserved 1048576K
Event: 602.698 GC heap after
Heap after GC invocations=33 (full 4):
 PSYoungGen      total 414720K, used 20915K [0x00000000d5580000, 0x00000000f5f00000, 0x0000000100000000)
  eden space 352256K, 0% used [0x00000000d5580000,0x00000000d5580000,0x00000000ead80000)
  from space 62464K, 33% used [0x00000000ead80000,0x00000000ec1ecc60,0x00000000eea80000)
  to   space 58880K, 0% used [0x00000000f2580000,0x00000000f2580000,0x00000000f5f00000)
 ParOldGen       total 207360K, used 177405K [0x0000000080000000, 0x000000008ca80000, 0x00000000d5580000)
  object space 207360K, 85% used [0x0000000080000000,0x000000008ad3f518,0x000000008ca80000)
 Metaspace       used 105325K, capacity 110358K, committed 110616K, reserved 1144832K
  class space    used 13409K, capacity 14335K, committed 14384K, reserved 1048576K
}
Event: 602.698 GC heap before
{Heap before GC invocations=34 (full 5):
 PSYoungGen      total 414720K, used 20915K [0x00000000d5580000, 0x00000000f5f00000, 0x0000000100000000)
  eden space 352256K, 0% used [0x00000000d5580000,0x00000000d5580000,0x00000000ead80000)
  from space 62464K, 33% used [0x00000000ead80000,0x00000000ec1ecc60,0x00000000eea80000)
  to   space 58880K, 0% used [0x00000000f2580000,0x00000000f2580000,0x00000000f5f00000)
 ParOldGen       total 207360K, used 177405K [0x0000000080000000, 0x000000008ca80000, 0x00000000d5580000)
  object space 207360K, 85% used [0x0000000080000000,0x000000008ad3f518,0x000000008ca80000)
 Metaspace       used 105325K, capacity 110358K, committed 110616K, reserved 1144832K
  class space    used 13409K, capacity 14335K, committed 14384K, reserved 1048576K
Event: 604.594 GC heap after
Heap after GC invocations=34 (full 5):
 PSYoungGen      total 414720K, used 0K [0x00000000d5580000, 0x00000000f5f00000, 0x0000000100000000)
  eden space 352256K, 0% used [0x00000000d5580000,0x00000000d5580000,0x00000000ead80000)
  from space 62464K, 0% used [0x00000000ead80000,0x00000000ead80000,0x00000000eea80000)
  to   space 58880K, 0% used [0x00000000f2580000,0x00000000f2580000,0x00000000f5f00000)
 ParOldGen       total 249344K, used 89407K [0x0000000080000000, 0x000000008f380000, 0x00000000d5580000)
  object space 249344K, 35% used [0x0000000080000000,0x000000008574fc90,0x000000008f380000)
 Metaspace       used 105295K, capacity 110278K, committed 110616K, reserved 1144832K
  class space    used 13399K, capacity 14317K, committed 14384K, reserved 1048576K
}
Event: 772.939 GC heap before
{Heap before GC invocations=35 (full 5):
 PSYoungGen      total 414720K, used 352256K [0x00000000d5580000, 0x00000000f5f00000, 0x0000000100000000)
  eden space 352256K, 100% used [0x00000000d5580000,0x00000000ead80000,0x00000000ead80000)
  from space 62464K, 0% used [0x00000000ead80000,0x00000000ead80000,0x00000000eea80000)
  to   space 58880K, 0% used [0x00000000f2580000,0x00000000f2580000,0x00000000f5f00000)
 ParOldGen       total 249344K, used 89407K [0x0000000080000000, 0x000000008f380000, 0x00000000d5580000)
  object space 249344K, 35% used [0x0000000080000000,0x000000008574fc90,0x000000008f380000)
 Metaspace       used 106058K, capacity 111186K, committed 111384K, reserved 1146880K
  class space    used 13422K, capacity 14383K, committed 14384K, reserved 1048576K
Event: 773.024 GC heap after
Heap after GC invocations=35 (full 5):
 PSYoungGen      total 467968K, used 12408K [0x00000000d5580000, 0x00000000f5980000, 0x0000000100000000)
  eden space 414720K, 0% used [0x00000000d5580000,0x00000000d5580000,0x00000000eea80000)
  from space 53248K, 23% used [0x00000000f2580000,0x00000000f319e3b0,0x00000000f5980000)
  to   space 56832K, 0% used [0x00000000eea80000,0x00000000eea80000,0x00000000f2200000)
 ParOldGen       total 249344K, used 89415K [0x0000000080000000, 0x000000008f380000, 0x00000000d5580000)
  object space 249344K, 35% used [0x0000000080000000,0x0000000085751c90,0x000000008f380000)
 Metaspace       used 106058K, capacity 111186K, committed 111384K, reserved 1146880K
  class space    used 13422K, capacity 14383K, committed 14384K, reserved 1048576K
}

Deoptimization events (10 events):
Event: 786.542 Thread 0x0000000026c62000 Uncommon trap: reason=unstable_if action=reinterpret pc=0x000000000712b328 method=com.sun.tools.javac.file.JavacFileManager.listContainer(Ljava/io/File;Lcom/sun/tools/javac/file/RelativePath$RelativeDirectory;Ljava/util/Set;ZLcom/sun/tools/javac/util/List
Event: 786.628 Thread 0x0000000026c62000 Uncommon trap: reason=speculate_class_check action=maybe_recompile pc=0x0000000006459e4c method=com.sun.tools.javac.file.JavacFileManager.inferBinaryName(Ljavax/tools/JavaFileManager$Location;Ljavax/tools/JavaFileObject;)Ljava/lang/String; @ 23
Event: 786.628 Thread 0x0000000026c62000 Uncommon trap: reason=speculate_class_check action=maybe_recompile pc=0x0000000006459e4c method=com.sun.tools.javac.file.JavacFileManager.inferBinaryName(Ljavax/tools/JavaFileManager$Location;Ljavax/tools/JavaFileObject;)Ljava/lang/String; @ 23
Event: 786.628 Thread 0x0000000026c62000 Uncommon trap: reason=speculate_class_check action=maybe_recompile pc=0x0000000006459e4c method=com.sun.tools.javac.file.JavacFileManager.inferBinaryName(Ljavax/tools/JavaFileManager$Location;Ljavax/tools/JavaFileObject;)Ljava/lang/String; @ 23
Event: 786.629 Thread 0x0000000026c62000 Uncommon trap: reason=speculate_class_check action=maybe_recompile pc=0x0000000006459e4c method=com.sun.tools.javac.file.JavacFileManager.inferBinaryName(Ljavax/tools/JavaFileManager$Location;Ljavax/tools/JavaFileObject;)Ljava/lang/String; @ 23
Event: 786.629 Thread 0x0000000026c62000 Uncommon trap: reason=speculate_class_check action=maybe_recompile pc=0x0000000006475060 method=com.sun.tools.javac.file.JavacFileManager.inferBinaryName(Ljavax/tools/JavaFileManager$Location;Ljavax/tools/JavaFileObject;)Ljava/lang/String; @ 23
Event: 786.629 Thread 0x0000000026c62000 Uncommon trap: reason=speculate_class_check action=maybe_recompile pc=0x0000000006475060 method=com.sun.tools.javac.file.JavacFileManager.inferBinaryName(Ljavax/tools/JavaFileManager$Location;Ljavax/tools/JavaFileObject;)Ljava/lang/String; @ 23
Event: 787.140 Thread 0x0000000026c62000 Uncommon trap: reason=unstable_if action=reinterpret pc=0x000000000697314c method=com.sun.tools.javac.code.Type$ClassType.getTypeArguments()Lcom/sun/tools/javac/util/List; @ 15
Event: 787.371 Thread 0x0000000026c62000 Uncommon trap: reason=speculate_class_check action=maybe_recompile pc=0x00000000044768d4 method=com.sun.tools.javac.code.Type.hasTag(Lcom/sun/tools/javac/code/TypeTag;)Z @ 2
Event: 787.371 Thread 0x0000000026c62000 Uncommon trap: reason=speculate_class_check action=maybe_recompile pc=0x00000000044768d4 method=com.sun.tools.javac.code.Type.hasTag(Lcom/sun/tools/javac/code/TypeTag;)Z @ 2

Classes redefined (0 events):
No events

Internal exceptions (10 events):
Event: 782.005 Thread 0x0000000026c65800 Exception <a 'sun/nio/fs/WindowsException'> (0x00000000d721b6a0) thrown at [C:\src\AOSP-openjdk-git\hotspot\src\share\vm\prims\jni.cpp, line 710]
Event: 782.006 Thread 0x0000000026c65800 Exception <a 'sun/nio/fs/WindowsException'> (0x00000000d721bf58) thrown at [C:\src\AOSP-openjdk-git\hotspot\src\share\vm\prims\jni.cpp, line 710]
Event: 782.006 Thread 0x0000000026c65800 Exception <a 'sun/nio/fs/WindowsException'> (0x00000000d721c400) thrown at [C:\src\AOSP-openjdk-git\hotspot\src\share\vm\prims\jni.cpp, line 710]
Event: 782.989 Thread 0x0000000026c62000 Exception <a 'sun/nio/fs/WindowsException'> (0x00000000d9fd0188) thrown at [C:\src\AOSP-openjdk-git\hotspot\src\share\vm\prims\jni.cpp, line 710]
Event: 782.990 Thread 0x0000000026c62000 Exception <a 'sun/nio/fs/WindowsException'> (0x00000000d9fd0e98) thrown at [C:\src\AOSP-openjdk-git\hotspot\src\share\vm\prims\jni.cpp, line 710]
Event: 782.994 Thread 0x0000000026c62000 Exception <a 'sun/nio/fs/WindowsException'> (0x00000000d9fd7ad0) thrown at [C:\src\AOSP-openjdk-git\hotspot\src\share\vm\prims\jni.cpp, line 710]
Event: 782.995 Thread 0x0000000026c62000 Exception <a 'sun/nio/fs/WindowsException'> (0x00000000d9fd8828) thrown at [C:\src\AOSP-openjdk-git\hotspot\src\share\vm\prims\jni.cpp, line 710]
Event: 782.995 Thread 0x0000000026c62000 Exception <a 'sun/nio/fs/WindowsException'> (0x00000000d9fda748) thrown at [C:\src\AOSP-openjdk-git\hotspot\src\share\vm\prims\jni.cpp, line 710]
Event: 782.995 Thread 0x0000000026c62000 Exception <a 'sun/nio/fs/WindowsException'> (0x00000000d9fdb4b0) thrown at [C:\src\AOSP-openjdk-git\hotspot\src\share\vm\prims\jni.cpp, line 710]
Event: 785.782 Thread 0x0000000026c62000 Implicit null exception at 0x00000000066c1b50 to 0x00000000066c4ef1

Events (10 events):
Event: 786.629 Thread 0x0000000026c62000 DEOPT UNPACKING pc=0x0000000002ca557b sp=0x0000000033a7a738 mode 2
Event: 787.140 Thread 0x0000000026c62000 Uncommon trap: trap_request=0xffffff65 fr.pc=0x000000000697314c
Event: 787.140 Thread 0x0000000026c62000 DEOPT PACKING pc=0x000000000697314c sp=0x0000000033a7a8b0
Event: 787.140 Thread 0x0000000026c62000 DEOPT UNPACKING pc=0x0000000002ca557b sp=0x0000000033a7a808 mode 2
Event: 787.371 Thread 0x0000000026c62000 Uncommon trap: trap_request=0xffffff76 fr.pc=0x00000000044768d4
Event: 787.371 Thread 0x0000000026c62000 DEOPT PACKING pc=0x00000000044768d4 sp=0x0000000033a7aab0
Event: 787.371 Thread 0x0000000026c62000 DEOPT UNPACKING pc=0x0000000002ca557b sp=0x0000000033a7a9c0 mode 2
Event: 787.371 Thread 0x0000000026c62000 Uncommon trap: trap_request=0xffffff76 fr.pc=0x00000000044768d4
Event: 787.371 Thread 0x0000000026c62000 DEOPT PACKING pc=0x00000000044768d4 sp=0x0000000033a7aab0
Event: 787.371 Thread 0x0000000026c62000 DEOPT UNPACKING pc=0x0000000002ca557b sp=0x0000000033a7a9c0 mode 2


Dynamic libraries:
0x00007ff6a5390000 - 0x00007ff6a53c1000 	C:\Program Files\Android\Android Studio\jre\bin\java.exe
0x00007ffddec70000 - 0x00007ffddee65000 	C:\WINDOWS\SYSTEM32\ntdll.dll
0x00007ffdd7130000 - 0x00007ffdd7142000 	C:\Program Files\AVAST Software\Avast\aswhook.dll
0x00007ffddce00000 - 0x00007ffddcebd000 	C:\WINDOWS\System32\KERNEL32.DLL
0x00007ffddca00000 - 0x00007ffddccc9000 	C:\WINDOWS\System32\KERNELBASE.dll
0x00007ffdde950000 - 0x00007ffdde9fc000 	C:\WINDOWS\System32\ADVAPI32.dll
0x00007ffddea00000 - 0x00007ffddea9e000 	C:\WINDOWS\System32\msvcrt.dll
0x00007ffddcd50000 - 0x00007ffddcdec000 	C:\WINDOWS\System32\sechost.dll
0x00007ffdde530000 - 0x00007ffdde65b000 	C:\WINDOWS\System32\RPCRT4.dll
0x00007ffdddae0000 - 0x00007ffdddc80000 	C:\WINDOWS\System32\USER32.dll
0x00007ffddc790000 - 0x00007ffddc7b2000 	C:\WINDOWS\System32\win32u.dll
0x00007ffdde500000 - 0x00007ffdde52a000 	C:\WINDOWS\System32\GDI32.dll
0x00007ffddc500000 - 0x00007ffddc60b000 	C:\WINDOWS\System32\gdi32full.dll
0x00007ffddc610000 - 0x00007ffddc6ad000 	C:\WINDOWS\System32\msvcp_win.dll
0x00007ffddc3b0000 - 0x00007ffddc4b0000 	C:\WINDOWS\System32\ucrtbase.dll
0x00007ffdcc7a0000 - 0x00007ffdcca3a000 	C:\WINDOWS\WinSxS\amd64_microsoft.windows.common-controls_6595b64144ccf1df_6.0.19041.844_none_ca00b6081b84eb1d\COMCTL32.dll
0x00007ffdde170000 - 0x00007ffdde1a0000 	C:\WINDOWS\System32\IMM32.DLL
0x0000000068ae0000 - 0x0000000068bb2000 	C:\Program Files\Android\Android Studio\jre\jre\bin\msvcr100.dll
0x0000000067650000 - 0x0000000067e9b000 	C:\Program Files\Android\Android Studio\jre\jre\bin\server\jvm.dll
0x00007ffdddc80000 - 0x00007ffdddc88000 	C:\WINDOWS\System32\PSAPI.DLL
0x00007ffdcd8a0000 - 0x00007ffdcd8c7000 	C:\WINDOWS\SYSTEM32\WINMM.dll
0x00007ffdca3e0000 - 0x00007ffdca3e9000 	C:\WINDOWS\SYSTEM32\WSOCK32.dll
0x00007ffddddd0000 - 0x00007ffddde3b000 	C:\WINDOWS\System32\WS2_32.dll
0x00007ffdd4c90000 - 0x00007ffdd4c9a000 	C:\WINDOWS\SYSTEM32\VERSION.dll
0x00007ffdd79e0000 - 0x00007ffdd79ef000 	C:\Program Files\Android\Android Studio\jre\jre\bin\verify.dll
0x00007ffdc7b40000 - 0x00007ffdc7b69000 	C:\Program Files\Android\Android Studio\jre\jre\bin\java.dll
0x00007ffdd3de0000 - 0x00007ffdd3df6000 	C:\Program Files\Android\Android Studio\jre\jre\bin\zip.dll
0x00007ffddd390000 - 0x00007ffdddad2000 	C:\WINDOWS\System32\SHELL32.dll
0x00007ffdda0e0000 - 0x00007ffdda870000 	C:\WINDOWS\SYSTEM32\windows.storage.dll
0x00007ffdde1a0000 - 0x00007ffdde4f5000 	C:\WINDOWS\System32\combase.dll
0x00007ffddbe20000 - 0x00007ffddbe4c000 	C:\WINDOWS\SYSTEM32\Wldp.dll
0x00007ffdddd20000 - 0x00007ffddddce000 	C:\WINDOWS\System32\SHCORE.dll
0x00007ffdde660000 - 0x00007ffdde6b5000 	C:\WINDOWS\System32\shlwapi.dll
0x00007ffddc2f0000 - 0x00007ffddc30f000 	C:\WINDOWS\SYSTEM32\profapi.dll
0x00007ffdd3ba0000 - 0x00007ffdd3bba000 	C:\Program Files\Android\Android Studio\jre\jre\bin\net.dll
0x00007ffddbb30000 - 0x00007ffddbb9a000 	C:\WINDOWS\system32\mswsock.dll
0x00007ffdc7c50000 - 0x00007ffdc7c63000 	C:\Program Files\Android\Android Studio\jre\jre\bin\nio.dll
0x00007ffdc7b90000 - 0x00007ffdc7bb7000 	C:\Users\valuedcustomer\.gradle\native\f6784746aeab05261644944871eae4fe03e0ef1612fff0a4a95f87b438bc6780\windows-amd64\native-platform.dll
0x00007ffdd7950000 - 0x00007ffdd795d000 	C:\Program Files\Android\Android Studio\jre\jre\bin\management.dll
0x00007ffddbd70000 - 0x00007ffddbd88000 	C:\WINDOWS\SYSTEM32\CRYPTSP.dll
0x00007ffddb470000 - 0x00007ffddb4a4000 	C:\WINDOWS\system32\rsaenh.dll
0x00007ffddc870000 - 0x00007ffddc897000 	C:\WINDOWS\System32\bcrypt.dll
0x00007ffddc2b0000 - 0x00007ffddc2de000 	C:\WINDOWS\SYSTEM32\USERENV.dll
0x00007ffddc710000 - 0x00007ffddc790000 	C:\WINDOWS\System32\bcryptprimitives.dll
0x00007ffddbd90000 - 0x00007ffddbd9c000 	C:\WINDOWS\SYSTEM32\CRYPTBASE.dll
0x00007ffddb820000 - 0x00007ffddb85b000 	C:\WINDOWS\SYSTEM32\IPHLPAPI.DLL
0x00007ffddcdf0000 - 0x00007ffddcdf8000 	C:\WINDOWS\System32\NSI.dll
0x00007ffdd4290000 - 0x00007ffdd42a7000 	C:\WINDOWS\SYSTEM32\dhcpcsvc6.DLL
0x00007ffdd4aa0000 - 0x00007ffdd4abd000 	C:\WINDOWS\SYSTEM32\dhcpcsvc.DLL
0x00007ffddb860000 - 0x00007ffddb92b000 	C:\WINDOWS\SYSTEM32\DNSAPI.dll
0x00007ffdd4500000 - 0x00007ffdd450b000 	C:\WINDOWS\SYSTEM32\WINNSI.DLL
0x00007ffdc4410000 - 0x00007ffdc4434000 	C:\Program Files\Android\Android Studio\jre\jre\bin\sunec.dll
0x00007ffdcb900000 - 0x00007ffdcb90a000 	C:\Windows\System32\rasadhlp.dll
0x00007ffdcce30000 - 0x00007ffdcceaf000 	C:\WINDOWS\System32\fwpuclnt.dll
0x00007ffdd3cb0000 - 0x00007ffdd3cbb000 	C:\Program Files\Android\Android Studio\jre\jre\bin\sunmscapi.dll
0x00007ffddc8a0000 - 0x00007ffddc9ff000 	C:\WINDOWS\System32\CRYPT32.dll
0x00007ffddb0e0000 - 0x00007ffddb113000 	C:\WINDOWS\SYSTEM32\ntmarta.dll

VM Arguments:
jvm_args: -Xmx2048m -Dfile.encoding=UTF-8 -Duser.country=US -Duser.language=en -Duser.variant 
java_command: org.gradle.launcher.daemon.bootstrap.GradleDaemon 6.5
java_class_path (initial): C:\Users\valuedcustomer\.gradle\wrapper\dists\gradle-6.5-bin\6nifqtx7604sqp1q6g8wikw7p\gradle-6.5\lib\gradle-launcher-6.5.jar
Launcher Type: SUN_STANDARD

Environment Variables:
PATH=C:\WINDOWS\system32;C:\WINDOWS;C:\WINDOWS\System32\Wbem;C:\WINDOWS\System32\WindowsPowerShell\v1.0\;C:\WINDOWS\System32\OpenSSH\;C:\Program Files (x86)\PharosSystems\Core;C:\Program Files\PuTTY\;C:\Program Files\Java\jdk-12.0.1\bin\;C:\Program Files\Git\cmd;C:\Program Files\nodejs\;C:\apache-maven-3.6.3\bin;C:\spring-2.2.2.RELEASE\bin;C:\Program Files\Git\mingw64\bin;C:\MinGW\bin;C:\Program Files\Amazon\AWSCLIV2\;C:\Users\valuedcustomer\AppData\Local\Android\Sdk\tools;C:\Users\valuedcustomer\AppData\Local\Android\Sdk\platform-tools;C:\Users\valuedcustomer\anaconda3\Scripts;C:\Program Files\MySQL\MySQL Server 8.0.\bin;C:\Program Files\MySQL\MySQL Shell 8.0\bin\;C:\MinGW\bin;C:\Ruby26-x64\bin;C:\Users\valuedcustomer\AppData\Local\Programs\Python\Python38-32\Scripts\;C:\Users\valuedcustomer\AppData\Local\Programs\Python\Python38-32\;C:\Users\valuedcustomer\AppData\Local\Microsoft\WindowsApps;C:\Users\valuedcustomer\AppData\Local\atom\bin;C:\Users\valuedcustomer\Desktop\atom\bin;C:\Users\valuedcustomer\AppData\Local\Microsoft\WindowsApps;C:\Program Files\heroku\bin;C:\Users\valuedcustomer\AppData\Roaming\npm;C:\Users\valuedcustomer\AppData\Local\Programs\Microsoft VS Code\bin;
USERNAME=valuedcustomer
OS=Windows_NT
PROCESSOR_IDENTIFIER=Intel64 Family 6 Model 142 Stepping 9, GenuineIntel



---------------  S Y S T E M  ---------------

OS: Windows 10.0 , 64 bit Build 19041 (10.0.19041.804)

CPU:total 4 (initial active 4) (2 cores per cpu, 2 threads per core) family 6 model 142 stepping 9, cmov, cx8, fxsr, mmx, sse, sse2, sse3, ssse3, sse4.1, sse4.2, popcnt, avx, avx2, aes, clmul, erms, 3dnowpref, lzcnt, ht, tsc, tscinvbit, bmi1, bmi2, adx

Memory: 4k page, physical 7863320k(380640k free), swap 23350584k(2672k free)

vm_info: OpenJDK 64-Bit Server VM (25.242-b01) for windows-amd64 JRE (1.8.0_242-release-1644-b01), built by "builder" with MS VC++ 10.0 (VS2010)

time: Wed Apr 14 13:05:23 2021
timezone: Eastern Daylight Time
elapsed time: 787 seconds (0d 0h 13m 7s)

